<?xml version="1.0" encoding="UTF-8"?>
<!-- Generated by org.testng.reporters.JUnitReportReporter -->
<testsuite hostname="DESKTOP-8BJFBM9" failures="0" tests="2" name="Testng.Testcases" time="20.767" errors="0" timestamp="2024-04-25T10:38:51 IST" skipped="0">
  <testcase classname="Testng.Testcases" name="GetTitle" time="11.703"/>
  <testcase classname="Testng.Testcases" name="Getcurrenturl" time="9.064"/>
</testsuite> <!-- Testng.Testcases -->
